Unity Editor version:    2020.3.28f1 (f5400f52e03f)
Branch:                  2020.3/staging
Build type:              Release
Batch mode:              YES
macOS version:           Version 12.3 (Build 21E230)
Darwin version:          21.4.0
Architecture:            x86_64
Running under Rosetta:   YES
Available memory:        8192 MB
Using pre-set license
Pro License: NO

COMMAND LINE ARGUMENTS:
/Applications/Unity/Hub/Editor/2020.3.28f1/Unity.app/Contents/MacOS/Unity
-adb2
-batchMode
-noUpm
-name
AssetImportWorker1
-projectPath
/Users/albertmoldovanu/Documents/Projects/car-chase-game
-logFile
Logs/AssetImportWorker1.log
-srvPort
65332
Successfully changed project path to: /Users/albertmoldovanu/Documents/Projects/car-chase-game
/Users/albertmoldovanu/Documents/Projects/car-chase-game
Using Asset Import Pipeline V2.
Refreshing native plugins compatible for Editor in 65.79 ms, found 2 plugins.
Preloading 0 native plugins for Editor in 0.00 ms.
Initialize engine version: 2020.3.28f1 (f5400f52e03f)
[Subsystems] Discovering subsystems at path /Applications/Unity/Hub/Editor/2020.3.28f1/Unity.app/Contents/Resources/UnitySubsystems
[Subsystems] Discovering subsystems at path /Users/albertmoldovanu/Documents/Projects/car-chase-game/Assets
GfxDevice: creating device client; threaded=0
2022-03-29 15:18:39.839 Unity[26566:429934] (null) preferred device: Apple M1 (high power)
2022-03-29 15:18:39.839 Unity[26566:429934] Metal devices available: 1
2022-03-29 15:18:39.839 Unity[26566:429934] 0: Apple M1 (high power)
2022-03-29 15:18:39.839 Unity[26566:429934] Using device Apple M1 (high power)
Initializing Metal device caps: Apple M1
Initialize mono
Mono path[0] = '/Applications/Unity/Hub/Editor/2020.3.28f1/Unity.app/Contents/Managed'
Mono path[1] = '/Applications/Unity/Hub/Editor/2020.3.28f1/Unity.app/Contents/MonoBleedingEdge/lib/mono/unityjit'
Mono config path = '/Applications/Unity/Hub/Editor/2020.3.28f1/Unity.app/Contents/MonoBleedingEdge/etc'
Using monoOptions --debugger-agent=transport=dt_socket,embedding=1,server=y,suspend=n,address=127.0.0.1:56566
Begin MonoManager ReloadAssembly
Registering precompiled unity dll's ...
Register platform support module: /Applications/Unity/Hub/Editor/2020.3.28f1/Unity.app/Contents/PlaybackEngines/MacStandaloneSupport/UnityEditor.OSXStandalone.Extensions.dll
Registered in 0.000884 seconds.
Native extension for OSXStandalone target not found
Refreshing native plugins compatible for Editor in 29.12 ms, found 2 plugins.
Preloading 0 native plugins for Editor in 0.00 ms.
Mono: successfully reloaded assembly
- Completed reload, in  1.208 seconds
Domain Reload Profiling:
	ReloadAssembly (1208ms)
		BeginReloadAssembly (113ms)
			ExecutionOrderSort (0ms)
			DisableScriptedObjects (0ms)
			BackupInstance (0ms)
			ReleaseScriptingObjects (0ms)
			CreateAndSetChildDomain (3ms)
		EndReloadAssembly (980ms)
			LoadAssemblies (110ms)
			RebuildTransferFunctionScriptingTraits (1ms)
			SetupTypeCache (180ms)
			ReleaseScriptCaches (0ms)
			RebuildScriptCaches (38ms)
			SetupLoadedEditorAssemblies (496ms)
				LogAssemblyErrors (0ms)
				InitializePlatformSupportModulesInManaged (13ms)
				SetLoadedEditorAssemblies (0ms)
				RefreshPlugins (29ms)
				BeforeProcessingInitializeOnLoad (22ms)
				ProcessInitializeOnLoadAttributes (314ms)
				ProcessInitializeOnLoadMethodAttributes (114ms)
				AfterProcessingInitializeOnLoad (0ms)
				EditorAssembliesLoaded (3ms)
			ExecutionOrderSort2 (0ms)
			AwakeInstancesAfterBackupRestoration (0ms)
Platform modules already initialized, skipping
Registering precompiled user dll's ...
Registered in 0.003350 seconds.
Begin MonoManager ReloadAssembly
Native extension for OSXStandalone target not found
Refreshing native plugins compatible for Editor in 0.48 ms, found 2 plugins.
Preloading 0 native plugins for Editor in 0.00 ms.
Mono: successfully reloaded assembly
- Completed reload, in  2.241 seconds
Domain Reload Profiling:
	ReloadAssembly (2243ms)
		BeginReloadAssembly (286ms)
			ExecutionOrderSort (0ms)
			DisableScriptedObjects (30ms)
			BackupInstance (0ms)
			ReleaseScriptingObjects (0ms)
			CreateAndSetChildDomain (52ms)
		EndReloadAssembly (1867ms)
			LoadAssemblies (199ms)
			RebuildTransferFunctionScriptingTraits (0ms)
			SetupTypeCache (339ms)
			ReleaseScriptCaches (0ms)
			RebuildScriptCaches (54ms)
			SetupLoadedEditorAssemblies (1035ms)
				LogAssemblyErrors (0ms)
				InitializePlatformSupportModulesInManaged (16ms)
				SetLoadedEditorAssemblies (2ms)
				RefreshPlugins (1ms)
				BeforeProcessingInitializeOnLoad (119ms)
				ProcessInitializeOnLoadAttributes (871ms)
				ProcessInitializeOnLoadMethodAttributes (26ms)
				AfterProcessingInitializeOnLoad (1ms)
				EditorAssembliesLoaded (0ms)
			ExecutionOrderSort2 (0ms)
			AwakeInstancesAfterBackupRestoration (28ms)
Platform modules already initialized, skipping
Validating Project structure ... 0.000845 seconds.
Shader import version has changed; will reimport all shaders...
Upgrading shader files ...0.001057 seconds.
Application.AssetDatabase Initial Script Refresh Start
RefreshInfo: InitialScriptRefreshV2(NoUpdateAssetOptions) scanfilter:  ... 1 filters
RefreshProfiler: Total: 0.000ms
Application.AssetDatabase Initial Script Refresh End
Application.AssetDatabase.Refresh Start
Application.AssetDatabase.Refresh End
RefreshInfo: StopAssetImportingV2(ForceSynchronousImport) scanfilter: 
RefreshProfiler: Total: 0.000ms
Launching external process: /Applications/Unity/Hub/Editor/2020.3.28f1/Unity.app/Contents/Tools/UnityShaderCompiler
Launched and connected shader compiler UnityShaderCompiler after 0.22 seconds
Initializing Unity extensions:
[C# Project] Writing /Users/albertmoldovanu/Documents/Projects/car-chase-game/car-chase-game.sln because it has changed
[C# Project] First difference on line 4

[C# Project] Current /Users/albertmoldovanu/Documents/Projects/car-chase-game/car-chase-game.sln:
[C# Project]   004: Project("{FAE04EC0-301F-11D3-BF4B-00C04F79EFBC}") = "Assembly-CSharp", "Assembly-CSharp.csproj", "{8a6178a6-0a22-0137-0c90-53ad885ac33d}"
[C# Project]   005: EndProject
[C# Project]   006: Project("{FAE04EC0-301F-11D3-BF4B-00C04F79EFBC}") = "Assembly-CSharp-Editor", "Assembly-CSharp-Editor.csproj", "{f1c64f0e-a2ec-a2f5-0e71-859c02478fd2}"
[C# Project]   007: EndProject
[C# Project]   008: Global

[C# Project] New /Users/albertmoldovanu/Documents/Projects/car-chase-game/car-chase-game.sln:
[C# Project]   004: Project("{FAE04EC0-301F-11D3-BF4B-00C04F79EFBC}") = "UnityEngine.TestRunner", "UnityEngine.TestRunner.csproj", "{4428817A-27F8-2ED2-E0CC-3DF00F90001E}"
[C# Project]   005: EndProject
[C# Project]   006: Project("{FAE04EC0-301F-11D3-BF4B-00C04F79EFBC}") = "UnityEngine.UI.Tests", "UnityEngine.UI.Tests.csproj", "{FFA98297-245B-2F6D-DC52-5BC81A088E3A}"
[C# Project]   007: EndProject
[C# Project]   008: Project("{FAE04EC0-301F-11D3-BF4B-00C04F79EFBC}") = "Unity.Timeline", "Unity.Timeline.csproj", "{900A34CE-1161-774A-E618-F70A27E92A14}"
[C# Project] Writing /Users/albertmoldovanu/Documents/Projects/car-chase-game/Assembly-CSharp.csproj because it has changed
[C# Project] First difference on line 5

[C# Project] Current /Users/albertmoldovanu/Documents/Projects/car-chase-game/Assembly-CSharp.csproj:
[C# Project]   005:     <_TargetFrameworkDirectories>non_empty_path_generated_by_unity.rider.package</_TargetFrameworkDirectories>
[C# Project]   006:     <_FullFrameworkReferenceAssemblyPaths>non_empty_path_generated_by_unity.rider.package</_FullFrameworkReferenceAssemblyPaths>
[C# Project]   007:     <DisableHandlePackageFileConflicts>true</DisableHandlePackageFileConflicts>
[C# Project]   008:   <CodeAnalysisRuleSet></CodeAnalysisRuleSet>
[C# Project]   009:   </PropertyGroup>

[C# Project] New /Users/albertmoldovanu/Documents/Projects/car-chase-game/Assembly-CSharp.csproj:
[C# Project]   005:     <CscToolPath>/Applications/Unity/Hub/Editor/2020.3.28f1/Unity.app/Contents/Tools/RoslynScripts</CscToolPath>
[C# Project]   006:     <CscToolExe>unity_csc.sh</CscToolExe>
[C# Project]   007:   </PropertyGroup>
[C# Project]   008:   <PropertyGroup>
[C# Project]   009:     <Configuration Condition=" '$(Configuration)' == '' ">Debug</Configuration>
[C# Project] Writing /Users/albertmoldovanu/Documents/Projects/car-chase-game/Assembly-CSharp-Editor.csproj because it has changed
[C# Project] First difference on line 5

[C# Project] Current /Users/albertmoldovanu/Documents/Projects/car-chase-game/Assembly-CSharp-Editor.csproj:
[C# Project]   005:     <_TargetFrameworkDirectories>non_empty_path_generated_by_unity.rider.package</_TargetFrameworkDirectories>
[C# Project]   006:     <_FullFrameworkReferenceAssemblyPaths>non_empty_path_generated_by_unity.rider.package</_FullFrameworkReferenceAssemblyPaths>
[C# Project]   007:     <DisableHandlePackageFileConflicts>true</DisableHandlePackageFileConflicts>
[C# Project]   008:   <CodeAnalysisRuleSet></CodeAnalysisRuleSet>
[C# Project]   009:   </PropertyGroup>

[C# Project] New /Users/albertmoldovanu/Documents/Projects/car-chase-game/Assembly-CSharp-Editor.csproj:
[C# Project]   005:     <CscToolPath>/Applications/Unity/Hub/Editor/2020.3.28f1/Unity.app/Contents/Tools/RoslynScripts</CscToolPath>
[C# Project]   006:     <CscToolExe>unity_csc.sh</CscToolExe>
[C# Project]   007:   </PropertyGroup>
[C# Project]   008:   <PropertyGroup>
[C# Project]   009:     <Configuration Condition=" '$(Configuration)' == '' ">Debug</Configuration>
2022-03-29 15:18:45.201 Unity[26566:429934] NSEventModifierFlagFunction specified to -setKeyEquivalentModifierMask: for item <NSMenuItem: 0x600001f61ce0 Font Asset, ke='Command-F12'>, but is only supported for system-provided menu items; will not be used
2022-03-29 15:18:45.204 Unity[26566:429934] NSEventModifierFlagFunction specified to -setKeyEquivalentModifierMask: for item <NSMenuItem: 0x600001f10690 Font Asset, ke='Command-F12'>, but is only supported for system-provided menu items; will not be used
========================================================================
Worker process is ready to serve import requests
Refreshing native plugins compatible for Editor in 0.31 ms, found 2 plugins.
Preloading 0 native plugins for Editor in 0.00 ms.
Unloading 1507 Unused Serialized files (Serialized files now loaded: 0)
System memory in use before: 181.3 MB.
System memory in use after: 180.5 MB.

Unloading 83 unused Assets to reduce memory usage. Loaded Objects now: 1981.
Total: 3.524542 ms (FindLiveObjects: 0.285583 ms CreateObjectMapping: 0.032209 ms MarkObjects: 2.692500 ms  DeleteObjects: 0.513542 ms)

AssetImportParameters requested are different than current active one (requested -> active):
  custom:video-decoder-ogg-theora: a1e56fd34408186e4bbccfd4996cb3dc -> 
  custom:container-muxer-webm: aa71ff27fc2769a1b78a27578f13a17b -> 
  custom:container-demuxer-webm: 4f35f7cbe854078d1ac9338744f61a02 -> 
  custom:container-demuxer-ogg: 62fdf1f143b41e24485cea50d1cbac27 -> 
  custom:video-encoder-webm-vp8: eb34c28f22e8b96e1ab97ce403110664 -> 
  custom:framework-osx-AVFoundation: e770b220cccbd017edd2c1fefb359320 -> 
  custom:video-decoder-webm-vp8: 9c59270c3fd7afecdb556c50c9e8de78 -> 
  custom:audio-decoder-ogg-vorbis: bf7c407c2cedff20999df2af8eb42d56 -> 
  custom:audio-encoder-webm-vorbis: bf7c407c2cedff20999df2af8eb42d56 -> 
========================================================================
Received Import Request.
  path: Assets/Scripts/SirenEffect.cs
  artifactKey: Guid(9ec005e7dced44595a641f58658a85d5) Importer(815301076,1909f56bfc062723c751e8b465ee728b)
Start importing Assets/Scripts/SirenEffect.cs using Guid(9ec005e7dced44595a641f58658a85d5) Importer(815301076,1909f56bfc062723c751e8b465ee728b)  -> (artifact id: 'dea7566bfbd82958656858c385bdf10d') in 0.160199 seconds 
  Import took 0.165785 seconds .

========================================================================
Received Prepare
Registering precompiled user dll's ...
Registered in 0.002333 seconds.
Begin MonoManager ReloadAssembly
Native extension for OSXStandalone target not found
Refreshing native plugins compatible for Editor in 0.33 ms, found 2 plugins.
Preloading 0 native plugins for Editor in 0.00 ms.
2022-03-29 15:19:56.149 Unity[26566:429934] NSEventModifierFlagFunction specified to -setKeyEquivalentModifierMask: for item <NSMenuItem: 0x600001f56c30 Font Asset, ke='Command-F12'>, but is only supported for system-provided menu items; will not be used
Mono: successfully reloaded assembly
- Completed reload, in  2.288 seconds
Domain Reload Profiling:
	ReloadAssembly (2289ms)
		BeginReloadAssembly (254ms)
			ExecutionOrderSort (0ms)
			DisableScriptedObjects (40ms)
			BackupInstance (0ms)
			ReleaseScriptingObjects (0ms)
			CreateAndSetChildDomain (87ms)
		EndReloadAssembly (1940ms)
			LoadAssemblies (194ms)
			RebuildTransferFunctionScriptingTraits (0ms)
			SetupTypeCache (336ms)
			ReleaseScriptCaches (1ms)
			RebuildScriptCaches (48ms)
			SetupLoadedEditorAssemblies (1107ms)
				LogAssemblyErrors (0ms)
				InitializePlatformSupportModulesInManaged (13ms)
				SetLoadedEditorAssemblies (3ms)
				RefreshPlugins (0ms)
				BeforeProcessingInitializeOnLoad (166ms)
				ProcessInitializeOnLoadAttributes (898ms)
				ProcessInitializeOnLoadMethodAttributes (26ms)
				AfterProcessingInitializeOnLoad (1ms)
				EditorAssembliesLoaded (0ms)
			ExecutionOrderSort2 (0ms)
			AwakeInstancesAfterBackupRestoration (30ms)
Platform modules already initialized, skipping
Refreshing native plugins compatible for Editor in 0.29 ms, found 2 plugins.
Preloading 0 native plugins for Editor in 0.00 ms.
Unloading 1500 Unused Serialized files (Serialized files now loaded: 0)
System memory in use before: 182.1 MB.
System memory in use after: 182.2 MB.

Unloading 15 unused Assets to reduce memory usage. Loaded Objects now: 1984.
Total: 1.908125 ms (FindLiveObjects: 0.068083 ms CreateObjectMapping: 0.029584 ms MarkObjects: 1.787375 ms  DeleteObjects: 0.022375 ms)

AssetImportParameters requested are different than current active one (requested -> active):
  custom:video-decoder-ogg-theora: a1e56fd34408186e4bbccfd4996cb3dc -> 
  custom:container-muxer-webm: aa71ff27fc2769a1b78a27578f13a17b -> 
  custom:container-demuxer-webm: 4f35f7cbe854078d1ac9338744f61a02 -> 
  custom:container-demuxer-ogg: 62fdf1f143b41e24485cea50d1cbac27 -> 
  custom:video-encoder-webm-vp8: eb34c28f22e8b96e1ab97ce403110664 -> 
  custom:framework-osx-AVFoundation: e770b220cccbd017edd2c1fefb359320 -> 
  custom:video-decoder-webm-vp8: 9c59270c3fd7afecdb556c50c9e8de78 -> 
  custom:audio-decoder-ogg-vorbis: bf7c407c2cedff20999df2af8eb42d56 -> 
  custom:audio-encoder-webm-vorbis: bf7c407c2cedff20999df2af8eb42d56 -> 
========================================================================
Received Import Request.
  Time since last request: 71.819364 seconds.
  path: Assets/Scripts/SirenEffect.cs
  artifactKey: Guid(9ec005e7dced44595a641f58658a85d5) Importer(815301076,1909f56bfc062723c751e8b465ee728b)
Start importing Assets/Scripts/SirenEffect.cs using Guid(9ec005e7dced44595a641f58658a85d5) Importer(815301076,1909f56bfc062723c751e8b465ee728b)  -> (artifact id: '1b189e1edcd34908934724d1fe979ac7') in 0.007036 seconds 
  Import took 0.008664 seconds .

========================================================================
Received Prepare
Registering precompiled user dll's ...
Registered in 0.002409 seconds.
Begin MonoManager ReloadAssembly
Native extension for OSXStandalone target not found
Refreshing native plugins compatible for Editor in 0.33 ms, found 2 plugins.
Preloading 0 native plugins for Editor in 0.00 ms.
2022-03-29 15:20:21.811 Unity[26566:429934] NSEventModifierFlagFunction specified to -setKeyEquivalentModifierMask: for item <NSMenuItem: 0x600001f56c30 Font Asset, ke='Command-F12'>, but is only supported for system-provided menu items; will not be used
Mono: successfully reloaded assembly
- Completed reload, in  2.223 seconds
Domain Reload Profiling:
	ReloadAssembly (2224ms)
		BeginReloadAssembly (257ms)
			ExecutionOrderSort (0ms)
			DisableScriptedObjects (46ms)
			BackupInstance (0ms)
			ReleaseScriptingObjects (0ms)
			CreateAndSetChildDomain (88ms)
		EndReloadAssembly (1874ms)
			LoadAssemblies (198ms)
			RebuildTransferFunctionScriptingTraits (0ms)
			SetupTypeCache (327ms)
			ReleaseScriptCaches (1ms)
			RebuildScriptCaches (46ms)
			SetupLoadedEditorAssemblies (1046ms)
				LogAssemblyErrors (0ms)
				InitializePlatformSupportModulesInManaged (14ms)
				SetLoadedEditorAssemblies (1ms)
				RefreshPlugins (0ms)
				BeforeProcessingInitializeOnLoad (157ms)
				ProcessInitializeOnLoadAttributes (843ms)
				ProcessInitializeOnLoadMethodAttributes (29ms)
				AfterProcessingInitializeOnLoad (1ms)
				EditorAssembliesLoaded (0ms)
			ExecutionOrderSort2 (0ms)
			AwakeInstancesAfterBackupRestoration (32ms)
Platform modules already initialized, skipping
Refreshing native plugins compatible for Editor in 0.32 ms, found 2 plugins.
Preloading 0 native plugins for Editor in 0.00 ms.
Unloading 1500 Unused Serialized files (Serialized files now loaded: 0)
System memory in use before: 182.3 MB.
System memory in use after: 182.4 MB.

Unloading 14 unused Assets to reduce memory usage. Loaded Objects now: 1986.
Total: 1.952084 ms (FindLiveObjects: 0.073667 ms CreateObjectMapping: 0.030417 ms MarkObjects: 1.826459 ms  DeleteObjects: 0.020708 ms)

AssetImportParameters requested are different than current active one (requested -> active):
  custom:video-decoder-ogg-theora: a1e56fd34408186e4bbccfd4996cb3dc -> 
  custom:container-muxer-webm: aa71ff27fc2769a1b78a27578f13a17b -> 
  custom:container-demuxer-webm: 4f35f7cbe854078d1ac9338744f61a02 -> 
  custom:container-demuxer-ogg: 62fdf1f143b41e24485cea50d1cbac27 -> 
  custom:video-encoder-webm-vp8: eb34c28f22e8b96e1ab97ce403110664 -> 
  custom:framework-osx-AVFoundation: e770b220cccbd017edd2c1fefb359320 -> 
  custom:video-decoder-webm-vp8: 9c59270c3fd7afecdb556c50c9e8de78 -> 
  custom:audio-decoder-ogg-vorbis: bf7c407c2cedff20999df2af8eb42d56 -> 
  custom:audio-encoder-webm-vorbis: bf7c407c2cedff20999df2af8eb42d56 -> 
========================================================================
Received Import Request.
  Time since last request: 25.603726 seconds.
  path: Assets/Scripts/SirenEffect.cs
  artifactKey: Guid(9ec005e7dced44595a641f58658a85d5) Importer(815301076,1909f56bfc062723c751e8b465ee728b)
Start importing Assets/Scripts/SirenEffect.cs using Guid(9ec005e7dced44595a641f58658a85d5) Importer(815301076,1909f56bfc062723c751e8b465ee728b)  -> (artifact id: '4311e7ed8df005a0c5aa07819c6af0ae') in 0.011335 seconds 
  Import took 0.013312 seconds .

========================================================================
Received Import Request.
  Time since last request: 70.721377 seconds.
  path: Assets/Scripts/SirenEffect.cs
  artifactKey: Guid(9ec005e7dced44595a641f58658a85d5) Importer(815301076,1909f56bfc062723c751e8b465ee728b)
Start importing Assets/Scripts/SirenEffect.cs using Guid(9ec005e7dced44595a641f58658a85d5) Importer(815301076,1909f56bfc062723c751e8b465ee728b)  -> (artifact id: 'ee8d17462541649e1b264545b711e3db') in 0.015471 seconds 
  Import took 0.034777 seconds .

========================================================================
Received Prepare
Registering precompiled user dll's ...
Registered in 0.002348 seconds.
Begin MonoManager ReloadAssembly
Native extension for OSXStandalone target not found
Refreshing native plugins compatible for Editor in 0.35 ms, found 2 plugins.
Preloading 0 native plugins for Editor in 0.00 ms.
2022-03-29 15:21:42.408 Unity[26566:429934] NSEventModifierFlagFunction specified to -setKeyEquivalentModifierMask: for item <NSMenuItem: 0x600001f62140 Font Asset, ke='Command-F12'>, but is only supported for system-provided menu items; will not be used
Mono: successfully reloaded assembly
- Completed reload, in  2.267 seconds
Domain Reload Profiling:
	ReloadAssembly (2268ms)
		BeginReloadAssembly (248ms)
			ExecutionOrderSort (0ms)
			DisableScriptedObjects (36ms)
			BackupInstance (0ms)
			ReleaseScriptingObjects (0ms)
			CreateAndSetChildDomain (86ms)
		EndReloadAssembly (1927ms)
			LoadAssemblies (205ms)
			RebuildTransferFunctionScriptingTraits (0ms)
			SetupTypeCache (324ms)
			ReleaseScriptCaches (1ms)
			RebuildScriptCaches (46ms)
			SetupLoadedEditorAssemblies (1070ms)
				LogAssemblyErrors (0ms)
				InitializePlatformSupportModulesInManaged (14ms)
				SetLoadedEditorAssemblies (1ms)
				RefreshPlugins (0ms)
				BeforeProcessingInitializeOnLoad (158ms)
				ProcessInitializeOnLoadAttributes (866ms)
				ProcessInitializeOnLoadMethodAttributes (29ms)
				AfterProcessingInitializeOnLoad (1ms)
				EditorAssembliesLoaded (0ms)
			ExecutionOrderSort2 (0ms)
			AwakeInstancesAfterBackupRestoration (40ms)
Platform modules already initialized, skipping
Refreshing native plugins compatible for Editor in 0.33 ms, found 2 plugins.
Preloading 0 native plugins for Editor in 0.00 ms.
Unloading 1500 Unused Serialized files (Serialized files now loaded: 0)
System memory in use before: 182.5 MB.
System memory in use after: 182.6 MB.

Unloading 14 unused Assets to reduce memory usage. Loaded Objects now: 1988.
Total: 1.912958 ms (FindLiveObjects: 0.067791 ms CreateObjectMapping: 0.029042 ms MarkObjects: 1.797875 ms  DeleteObjects: 0.017708 ms)

AssetImportParameters requested are different than current active one (requested -> active):
  custom:video-decoder-ogg-theora: a1e56fd34408186e4bbccfd4996cb3dc -> 
  custom:container-muxer-webm: aa71ff27fc2769a1b78a27578f13a17b -> 
  custom:container-demuxer-webm: 4f35f7cbe854078d1ac9338744f61a02 -> 
  custom:container-demuxer-ogg: 62fdf1f143b41e24485cea50d1cbac27 -> 
  custom:video-encoder-webm-vp8: eb34c28f22e8b96e1ab97ce403110664 -> 
  custom:framework-osx-AVFoundation: e770b220cccbd017edd2c1fefb359320 -> 
  custom:video-decoder-webm-vp8: 9c59270c3fd7afecdb556c50c9e8de78 -> 
  custom:audio-decoder-ogg-vorbis: bf7c407c2cedff20999df2af8eb42d56 -> 
  custom:audio-encoder-webm-vorbis: bf7c407c2cedff20999df2af8eb42d56 -> 
========================================================================
Received Prepare
Registering precompiled user dll's ...
Registered in 0.002724 seconds.
Begin MonoManager ReloadAssembly
Native extension for OSXStandalone target not found
Refreshing native plugins compatible for Editor in 0.33 ms, found 2 plugins.
Preloading 0 native plugins for Editor in 0.00 ms.
2022-03-29 15:23:12.363 Unity[26566:429934] NSEventModifierFlagFunction specified to -setKeyEquivalentModifierMask: for item <NSMenuItem: 0x600001f5d810 Font Asset, ke='Command-F12'>, but is only supported for system-provided menu items; will not be used
Mono: successfully reloaded assembly
- Completed reload, in  2.392 seconds
Domain Reload Profiling:
	ReloadAssembly (2394ms)
		BeginReloadAssembly (255ms)
			ExecutionOrderSort (0ms)
			DisableScriptedObjects (36ms)
			BackupInstance (0ms)
			ReleaseScriptingObjects (0ms)
			CreateAndSetChildDomain (86ms)
		EndReloadAssembly (2044ms)
			LoadAssemblies (228ms)
			RebuildTransferFunctionScriptingTraits (0ms)
			SetupTypeCache (388ms)
			ReleaseScriptCaches (1ms)
			RebuildScriptCaches (48ms)
			SetupLoadedEditorAssemblies (1099ms)
				LogAssemblyErrors (0ms)
				InitializePlatformSupportModulesInManaged (14ms)
				SetLoadedEditorAssemblies (1ms)
				RefreshPlugins (0ms)
				BeforeProcessingInitializeOnLoad (217ms)
				ProcessInitializeOnLoadAttributes (829ms)
				ProcessInitializeOnLoadMethodAttributes (36ms)
				AfterProcessingInitializeOnLoad (1ms)
				EditorAssembliesLoaded (0ms)
			ExecutionOrderSort2 (0ms)
			AwakeInstancesAfterBackupRestoration (37ms)
Platform modules already initialized, skipping
Refreshing native plugins compatible for Editor in 0.34 ms, found 2 plugins.
Preloading 0 native plugins for Editor in 0.00 ms.
Unloading 1500 Unused Serialized files (Serialized files now loaded: 0)
System memory in use before: 182.6 MB.
System memory in use after: 182.7 MB.

Unloading 14 unused Assets to reduce memory usage. Loaded Objects now: 1990.
Total: 2.102875 ms (FindLiveObjects: 0.085208 ms CreateObjectMapping: 0.033791 ms MarkObjects: 1.956333 ms  DeleteObjects: 0.026541 ms)

AssetImportParameters requested are different than current active one (requested -> active):
  custom:video-decoder-ogg-theora: a1e56fd34408186e4bbccfd4996cb3dc -> 
  custom:container-muxer-webm: aa71ff27fc2769a1b78a27578f13a17b -> 
  custom:container-demuxer-webm: 4f35f7cbe854078d1ac9338744f61a02 -> 
  custom:container-demuxer-ogg: 62fdf1f143b41e24485cea50d1cbac27 -> 
  custom:video-encoder-webm-vp8: eb34c28f22e8b96e1ab97ce403110664 -> 
  custom:framework-osx-AVFoundation: e770b220cccbd017edd2c1fefb359320 -> 
  custom:video-decoder-webm-vp8: 9c59270c3fd7afecdb556c50c9e8de78 -> 
  custom:audio-decoder-ogg-vorbis: bf7c407c2cedff20999df2af8eb42d56 -> 
  custom:audio-encoder-webm-vorbis: bf7c407c2cedff20999df2af8eb42d56 -> 
========================================================================
Received Import Request.
  Time since last request: 106.476244 seconds.
  path: Assets/Scripts/SirenEffect.cs
  artifactKey: Guid(9ec005e7dced44595a641f58658a85d5) Importer(815301076,1909f56bfc062723c751e8b465ee728b)
Start importing Assets/Scripts/SirenEffect.cs using Guid(9ec005e7dced44595a641f58658a85d5) Importer(815301076,1909f56bfc062723c751e8b465ee728b)  -> (artifact id: '4c6199ba4a7136e2bf6d07ca8f6a0cdb') in 0.009117 seconds 
  Import took 0.011760 seconds .

========================================================================
Received Prepare
Registering precompiled user dll's ...
Registered in 0.007763 seconds.
Begin MonoManager ReloadAssembly
Native extension for OSXStandalone target not found
Refreshing native plugins compatible for Editor in 0.63 ms, found 2 plugins.
Preloading 0 native plugins for Editor in 0.00 ms.
2022-03-29 15:24:14.393 Unity[26566:429934] NSEventModifierFlagFunction specified to -setKeyEquivalentModifierMask: for item <NSMenuItem: 0x600001f5d1f0 Font Asset, ke='Command-F12'>, but is only supported for system-provided menu items; will not be used
Mono: successfully reloaded assembly
- Completed reload, in  2.334 seconds
Domain Reload Profiling:
	ReloadAssembly (2341ms)
		BeginReloadAssembly (296ms)
			ExecutionOrderSort (0ms)
			DisableScriptedObjects (42ms)
			BackupInstance (0ms)
			ReleaseScriptingObjects (2ms)
			CreateAndSetChildDomain (81ms)
		EndReloadAssembly (1948ms)
			LoadAssemblies (262ms)
			RebuildTransferFunctionScriptingTraits (0ms)
			SetupTypeCache (379ms)
			ReleaseScriptCaches (2ms)
			RebuildScriptCaches (44ms)
			SetupLoadedEditorAssemblies (1029ms)
				LogAssemblyErrors (0ms)
				InitializePlatformSupportModulesInManaged (16ms)
				SetLoadedEditorAssemblies (2ms)
				RefreshPlugins (1ms)
				BeforeProcessingInitializeOnLoad (149ms)
				ProcessInitializeOnLoadAttributes (829ms)
				ProcessInitializeOnLoadMethodAttributes (32ms)
				AfterProcessingInitializeOnLoad (1ms)
				EditorAssembliesLoaded (0ms)
			ExecutionOrderSort2 (0ms)
			AwakeInstancesAfterBackupRestoration (31ms)
Platform modules already initialized, skipping
Refreshing native plugins compatible for Editor in 0.34 ms, found 2 plugins.
Preloading 0 native plugins for Editor in 0.00 ms.
Unloading 1500 Unused Serialized files (Serialized files now loaded: 0)
System memory in use before: 182.8 MB.
System memory in use after: 182.9 MB.

Unloading 14 unused Assets to reduce memory usage. Loaded Objects now: 1992.
Total: 2.233084 ms (FindLiveObjects: 0.112792 ms CreateObjectMapping: 0.058708 ms MarkObjects: 2.034625 ms  DeleteObjects: 0.025916 ms)

AssetImportParameters requested are different than current active one (requested -> active):
  custom:video-decoder-ogg-theora: a1e56fd34408186e4bbccfd4996cb3dc -> 
  custom:container-muxer-webm: aa71ff27fc2769a1b78a27578f13a17b -> 
  custom:container-demuxer-webm: 4f35f7cbe854078d1ac9338744f61a02 -> 
  custom:container-demuxer-ogg: 62fdf1f143b41e24485cea50d1cbac27 -> 
  custom:video-encoder-webm-vp8: eb34c28f22e8b96e1ab97ce403110664 -> 
  custom:framework-osx-AVFoundation: e770b220cccbd017edd2c1fefb359320 -> 
  custom:video-decoder-webm-vp8: 9c59270c3fd7afecdb556c50c9e8de78 -> 
  custom:audio-decoder-ogg-vorbis: bf7c407c2cedff20999df2af8eb42d56 -> 
  custom:audio-encoder-webm-vorbis: bf7c407c2cedff20999df2af8eb42d56 -> 
========================================================================
Received Prepare
Registering precompiled user dll's ...
Registered in 0.004010 seconds.
Begin MonoManager ReloadAssembly
Native extension for OSXStandalone target not found
Refreshing native plugins compatible for Editor in 0.32 ms, found 2 plugins.
Preloading 0 native plugins for Editor in 0.00 ms.
2022-03-29 15:28:56.357 Unity[26566:429934] NSEventModifierFlagFunction specified to -setKeyEquivalentModifierMask: for item <NSMenuItem: 0x600001f5e060 Font Asset, ke='Command-F12'>, but is only supported for system-provided menu items; will not be used
Mono: successfully reloaded assembly
- Completed reload, in  2.159 seconds
Domain Reload Profiling:
	ReloadAssembly (2163ms)
		BeginReloadAssembly (294ms)
			ExecutionOrderSort (0ms)
			DisableScriptedObjects (41ms)
			BackupInstance (0ms)
			ReleaseScriptingObjects (0ms)
			CreateAndSetChildDomain (97ms)
		EndReloadAssembly (1768ms)
			LoadAssemblies (253ms)
			RebuildTransferFunctionScriptingTraits (0ms)
			SetupTypeCache (307ms)
			ReleaseScriptCaches (1ms)
			RebuildScriptCaches (43ms)
			SetupLoadedEditorAssemblies (957ms)
				LogAssemblyErrors (0ms)
				InitializePlatformSupportModulesInManaged (13ms)
				SetLoadedEditorAssemblies (1ms)
				RefreshPlugins (0ms)
				BeforeProcessingInitializeOnLoad (144ms)
				ProcessInitializeOnLoadAttributes (768ms)
				ProcessInitializeOnLoadMethodAttributes (30ms)
				AfterProcessingInitializeOnLoad (1ms)
				EditorAssembliesLoaded (0ms)
			ExecutionOrderSort2 (0ms)
			AwakeInstancesAfterBackupRestoration (31ms)
Platform modules already initialized, skipping
Refreshing native plugins compatible for Editor in 0.30 ms, found 2 plugins.
Preloading 0 native plugins for Editor in 0.00 ms.
Unloading 1500 Unused Serialized files (Serialized files now loaded: 0)
System memory in use before: 182.9 MB.
System memory in use after: 183.0 MB.

Unloading 14 unused Assets to reduce memory usage. Loaded Objects now: 1994.
Total: 1.910791 ms (FindLiveObjects: 0.074417 ms CreateObjectMapping: 0.029042 ms MarkObjects: 1.789792 ms  DeleteObjects: 0.016917 ms)

AssetImportParameters requested are different than current active one (requested -> active):
  custom:video-decoder-ogg-theora: a1e56fd34408186e4bbccfd4996cb3dc -> 
  custom:container-muxer-webm: aa71ff27fc2769a1b78a27578f13a17b -> 
  custom:container-demuxer-webm: 4f35f7cbe854078d1ac9338744f61a02 -> 
  custom:container-demuxer-ogg: 62fdf1f143b41e24485cea50d1cbac27 -> 
  custom:video-encoder-webm-vp8: eb34c28f22e8b96e1ab97ce403110664 -> 
  custom:framework-osx-AVFoundation: e770b220cccbd017edd2c1fefb359320 -> 
  custom:video-decoder-webm-vp8: 9c59270c3fd7afecdb556c50c9e8de78 -> 
  custom:audio-decoder-ogg-vorbis: bf7c407c2cedff20999df2af8eb42d56 -> 
  custom:audio-encoder-webm-vorbis: bf7c407c2cedff20999df2af8eb42d56 -> 
========================================================================
Received Prepare
Registering precompiled user dll's ...
Registered in 0.007264 seconds.
Begin MonoManager ReloadAssembly
Native extension for OSXStandalone target not found
Refreshing native plugins compatible for Editor in 0.34 ms, found 2 plugins.
Preloading 0 native plugins for Editor in 0.00 ms.
2022-03-29 15:30:54.354 Unity[26566:429934] NSEventModifierFlagFunction specified to -setKeyEquivalentModifierMask: for item <NSMenuItem: 0x600001f5cd90 Font Asset, ke='Command-F12'>, but is only supported for system-provided menu items; will not be used
Mono: successfully reloaded assembly
- Completed reload, in  2.326 seconds
Domain Reload Profiling:
	ReloadAssembly (2328ms)
		BeginReloadAssembly (299ms)
			ExecutionOrderSort (0ms)
			DisableScriptedObjects (41ms)
			BackupInstance (0ms)
			ReleaseScriptingObjects (0ms)
			CreateAndSetChildDomain (92ms)
		EndReloadAssembly (1930ms)
			LoadAssemblies (253ms)
			RebuildTransferFunctionScriptingTraits (0ms)
			SetupTypeCache (343ms)
			ReleaseScriptCaches (1ms)
			RebuildScriptCaches (48ms)
			SetupLoadedEditorAssemblies (1047ms)
				LogAssemblyErrors (0ms)
				InitializePlatformSupportModulesInManaged (17ms)
				SetLoadedEditorAssemblies (1ms)
				RefreshPlugins (0ms)
				BeforeProcessingInitializeOnLoad (159ms)
				ProcessInitializeOnLoadAttributes (835ms)
				ProcessInitializeOnLoadMethodAttributes (33ms)
				AfterProcessingInitializeOnLoad (1ms)
				EditorAssembliesLoaded (0ms)
			ExecutionOrderSort2 (0ms)
			AwakeInstancesAfterBackupRestoration (36ms)
Platform modules already initialized, skipping
Refreshing native plugins compatible for Editor in 0.37 ms, found 2 plugins.
Preloading 0 native plugins for Editor in 0.00 ms.
Unloading 1500 Unused Serialized files (Serialized files now loaded: 0)
System memory in use before: 183.1 MB.
System memory in use after: 183.2 MB.

Unloading 14 unused Assets to reduce memory usage. Loaded Objects now: 1996.
Total: 2.100875 ms (FindLiveObjects: 0.097917 ms CreateObjectMapping: 0.028917 ms MarkObjects: 1.953708 ms  DeleteObjects: 0.019500 ms)

AssetImportParameters requested are different than current active one (requested -> active):
  custom:video-decoder-ogg-theora: a1e56fd34408186e4bbccfd4996cb3dc -> 
  custom:container-muxer-webm: aa71ff27fc2769a1b78a27578f13a17b -> 
  custom:container-demuxer-webm: 4f35f7cbe854078d1ac9338744f61a02 -> 
  custom:container-demuxer-ogg: 62fdf1f143b41e24485cea50d1cbac27 -> 
  custom:video-encoder-webm-vp8: eb34c28f22e8b96e1ab97ce403110664 -> 
  custom:framework-osx-AVFoundation: e770b220cccbd017edd2c1fefb359320 -> 
  custom:video-decoder-webm-vp8: 9c59270c3fd7afecdb556c50c9e8de78 -> 
  custom:audio-decoder-ogg-vorbis: bf7c407c2cedff20999df2af8eb42d56 -> 
  custom:audio-encoder-webm-vorbis: bf7c407c2cedff20999df2af8eb42d56 -> 
========================================================================
Received Prepare
Registering precompiled user dll's ...
Registered in 0.005183 seconds.
Begin MonoManager ReloadAssembly
Native extension for OSXStandalone target not found
Refreshing native plugins compatible for Editor in 0.37 ms, found 2 plugins.
Preloading 0 native plugins for Editor in 0.00 ms.
2022-03-29 15:36:44.445 Unity[26566:429934] NSEventModifierFlagFunction specified to -setKeyEquivalentModifierMask: for item <NSMenuItem: 0x600001f60700 Font Asset, ke='Command-F12'>, but is only supported for system-provided menu items; will not be used
Mono: successfully reloaded assembly
- Completed reload, in  2.149 seconds
Domain Reload Profiling:
	ReloadAssembly (2150ms)
		BeginReloadAssembly (250ms)
			ExecutionOrderSort (0ms)
			DisableScriptedObjects (32ms)
			BackupInstance (0ms)
			ReleaseScriptingObjects (0ms)
			CreateAndSetChildDomain (75ms)
		EndReloadAssembly (1811ms)
			LoadAssemblies (236ms)
			RebuildTransferFunctionScriptingTraits (0ms)
			SetupTypeCache (305ms)
			ReleaseScriptCaches (1ms)
			RebuildScriptCaches (44ms)
			SetupLoadedEditorAssemblies (981ms)
				LogAssemblyErrors (0ms)
				InitializePlatformSupportModulesInManaged (15ms)
				SetLoadedEditorAssemblies (1ms)
				RefreshPlugins (0ms)
				BeforeProcessingInitializeOnLoad (150ms)
				ProcessInitializeOnLoadAttributes (781ms)
				ProcessInitializeOnLoadMethodAttributes (32ms)
				AfterProcessingInitializeOnLoad (1ms)
				EditorAssembliesLoaded (0ms)
			ExecutionOrderSort2 (0ms)
			AwakeInstancesAfterBackupRestoration (33ms)
Platform modules already initialized, skipping
Refreshing native plugins compatible for Editor in 0.33 ms, found 2 plugins.
Preloading 0 native plugins for Editor in 0.00 ms.
Unloading 1500 Unused Serialized files (Serialized files now loaded: 0)
System memory in use before: 183.7 MB.
System memory in use after: 183.8 MB.

Unloading 14 unused Assets to reduce memory usage. Loaded Objects now: 1998.
Total: 1.916125 ms (FindLiveObjects: 0.070166 ms CreateObjectMapping: 0.029000 ms MarkObjects: 1.799500 ms  DeleteObjects: 0.016791 ms)

AssetImportParameters requested are different than current active one (requested -> active):
  custom:video-decoder-ogg-theora: a1e56fd34408186e4bbccfd4996cb3dc -> 
  custom:container-muxer-webm: aa71ff27fc2769a1b78a27578f13a17b -> 
  custom:container-demuxer-webm: 4f35f7cbe854078d1ac9338744f61a02 -> 
  custom:container-demuxer-ogg: 62fdf1f143b41e24485cea50d1cbac27 -> 
  custom:video-encoder-webm-vp8: eb34c28f22e8b96e1ab97ce403110664 -> 
  custom:framework-osx-AVFoundation: e770b220cccbd017edd2c1fefb359320 -> 
  custom:video-decoder-webm-vp8: 9c59270c3fd7afecdb556c50c9e8de78 -> 
  custom:audio-decoder-ogg-vorbis: bf7c407c2cedff20999df2af8eb42d56 -> 
  custom:audio-encoder-webm-vorbis: bf7c407c2cedff20999df2af8eb42d56 -> 
========================================================================
Received Prepare
Registering precompiled user dll's ...
Registered in 0.004618 seconds.
Begin MonoManager ReloadAssembly
Native extension for OSXStandalone target not found
Refreshing native plugins compatible for Editor in 0.33 ms, found 2 plugins.
Preloading 0 native plugins for Editor in 0.00 ms.
2022-03-29 15:39:04.781 Unity[26566:429934] NSEventModifierFlagFunction specified to -setKeyEquivalentModifierMask: for item <NSMenuItem: 0x600001f6bd40 Font Asset, ke='Command-F12'>, but is only supported for system-provided menu items; will not be used
Mono: successfully reloaded assembly
- Completed reload, in  2.178 seconds
Domain Reload Profiling:
	ReloadAssembly (2179ms)
		BeginReloadAssembly (266ms)
			ExecutionOrderSort (0ms)
			DisableScriptedObjects (30ms)
			BackupInstance (0ms)
			ReleaseScriptingObjects (0ms)
			CreateAndSetChildDomain (74ms)
		EndReloadAssembly (1821ms)
			LoadAssemblies (254ms)
			RebuildTransferFunctionScriptingTraits (0ms)
			SetupTypeCache (308ms)
			ReleaseScriptCaches (1ms)
			RebuildScriptCaches (43ms)
			SetupLoadedEditorAssemblies (1009ms)
				LogAssemblyErrors (0ms)
				InitializePlatformSupportModulesInManaged (13ms)
				SetLoadedEditorAssemblies (1ms)
				RefreshPlugins (0ms)
				BeforeProcessingInitializeOnLoad (149ms)
				ProcessInitializeOnLoadAttributes (809ms)
				ProcessInitializeOnLoadMethodAttributes (36ms)
				AfterProcessingInitializeOnLoad (1ms)
				EditorAssembliesLoaded (0ms)
			ExecutionOrderSort2 (0ms)
			AwakeInstancesAfterBackupRestoration (35ms)
Platform modules already initialized, skipping
Refreshing native plugins compatible for Editor in 0.31 ms, found 2 plugins.
Preloading 0 native plugins for Editor in 0.00 ms.
Unloading 1500 Unused Serialized files (Serialized files now loaded: 0)
System memory in use before: 183.8 MB.
System memory in use after: 183.9 MB.

Unloading 14 unused Assets to reduce memory usage. Loaded Objects now: 2000.
Total: 1.954416 ms (FindLiveObjects: 0.075500 ms CreateObjectMapping: 0.029000 ms MarkObjects: 1.828291 ms  DeleteObjects: 0.021042 ms)

AssetImportParameters requested are different than current active one (requested -> active):
  custom:video-decoder-ogg-theora: a1e56fd34408186e4bbccfd4996cb3dc -> 
  custom:container-muxer-webm: aa71ff27fc2769a1b78a27578f13a17b -> 
  custom:container-demuxer-webm: 4f35f7cbe854078d1ac9338744f61a02 -> 
  custom:container-demuxer-ogg: 62fdf1f143b41e24485cea50d1cbac27 -> 
  custom:video-encoder-webm-vp8: eb34c28f22e8b96e1ab97ce403110664 -> 
  custom:framework-osx-AVFoundation: e770b220cccbd017edd2c1fefb359320 -> 
  custom:video-decoder-webm-vp8: 9c59270c3fd7afecdb556c50c9e8de78 -> 
  custom:audio-decoder-ogg-vorbis: bf7c407c2cedff20999df2af8eb42d56 -> 
  custom:audio-encoder-webm-vorbis: bf7c407c2cedff20999df2af8eb42d56 -> 
========================================================================
Received Prepare
Registering precompiled user dll's ...
Registered in 0.002147 seconds.
Begin MonoManager ReloadAssembly
Native extension for OSXStandalone target not found
Refreshing native plugins compatible for Editor in 0.31 ms, found 2 plugins.
Preloading 0 native plugins for Editor in 0.00 ms.
2022-03-29 15:39:15.994 Unity[26566:429934] NSEventModifierFlagFunction specified to -setKeyEquivalentModifierMask: for item <NSMenuItem: 0x600001f6e140 Font Asset, ke='Command-F12'>, but is only supported for system-provided menu items; will not be used
Mono: successfully reloaded assembly
- Completed reload, in  2.146 seconds
Domain Reload Profiling:
	ReloadAssembly (2147ms)
		BeginReloadAssembly (198ms)
			ExecutionOrderSort (0ms)
			DisableScriptedObjects (30ms)
			BackupInstance (0ms)
			ReleaseScriptingObjects (0ms)
			CreateAndSetChildDomain (59ms)
		EndReloadAssembly (1855ms)
			LoadAssemblies (193ms)
			RebuildTransferFunctionScriptingTraits (0ms)
			SetupTypeCache (322ms)
			ReleaseScriptCaches (1ms)
			RebuildScriptCaches (46ms)
			SetupLoadedEditorAssemblies (1024ms)
				LogAssemblyErrors (0ms)
				InitializePlatformSupportModulesInManaged (14ms)
				SetLoadedEditorAssemblies (1ms)
				RefreshPlugins (0ms)
				BeforeProcessingInitializeOnLoad (160ms)
				ProcessInitializeOnLoadAttributes (818ms)
				ProcessInitializeOnLoadMethodAttributes (30ms)
				AfterProcessingInitializeOnLoad (1ms)
				EditorAssembliesLoaded (0ms)
			ExecutionOrderSort2 (0ms)
			AwakeInstancesAfterBackupRestoration (35ms)
Platform modules already initialized, skipping
Refreshing native plugins compatible for Editor in 0.37 ms, found 2 plugins.
Preloading 0 native plugins for Editor in 0.00 ms.
Unloading 1500 Unused Serialized files (Serialized files now loaded: 0)
System memory in use before: 184.0 MB.
System memory in use after: 184.1 MB.

Unloading 14 unused Assets to reduce memory usage. Loaded Objects now: 2002.
Total: 2.058958 ms (FindLiveObjects: 0.070417 ms CreateObjectMapping: 0.029958 ms MarkObjects: 1.940375 ms  DeleteObjects: 0.017459 ms)

AssetImportParameters requested are different than current active one (requested -> active):
  custom:video-decoder-ogg-theora: a1e56fd34408186e4bbccfd4996cb3dc -> 
  custom:container-muxer-webm: aa71ff27fc2769a1b78a27578f13a17b -> 
  custom:container-demuxer-webm: 4f35f7cbe854078d1ac9338744f61a02 -> 
  custom:container-demuxer-ogg: 62fdf1f143b41e24485cea50d1cbac27 -> 
  custom:video-encoder-webm-vp8: eb34c28f22e8b96e1ab97ce403110664 -> 
  custom:framework-osx-AVFoundation: e770b220cccbd017edd2c1fefb359320 -> 
  custom:video-decoder-webm-vp8: 9c59270c3fd7afecdb556c50c9e8de78 -> 
  custom:audio-decoder-ogg-vorbis: bf7c407c2cedff20999df2af8eb42d56 -> 
  custom:audio-encoder-webm-vorbis: bf7c407c2cedff20999df2af8eb42d56 -> 
========================================================================
Received Prepare
Registering precompiled user dll's ...
Registered in 0.004757 seconds.
Begin MonoManager ReloadAssembly
Native extension for OSXStandalone target not found
Refreshing native plugins compatible for Editor in 0.45 ms, found 2 plugins.
Preloading 0 native plugins for Editor in 0.00 ms.
2022-03-29 15:40:46.099 Unity[26566:429934] NSEventModifierFlagFunction specified to -setKeyEquivalentModifierMask: for item <NSMenuItem: 0x600001f6fb10 Font Asset, ke='Command-F12'>, but is only supported for system-provided menu items; will not be used
Mono: successfully reloaded assembly
- Completed reload, in  2.371 seconds
Domain Reload Profiling:
	ReloadAssembly (2372ms)
		BeginReloadAssembly (281ms)
			ExecutionOrderSort (0ms)
			DisableScriptedObjects (37ms)
			BackupInstance (0ms)
			ReleaseScriptingObjects (0ms)
			CreateAndSetChildDomain (86ms)
		EndReloadAssembly (1996ms)
			LoadAssemblies (245ms)
			RebuildTransferFunctionScriptingTraits (0ms)
			SetupTypeCache (338ms)
			ReleaseScriptCaches (1ms)
			RebuildScriptCaches (46ms)
			SetupLoadedEditorAssemblies (1098ms)
				LogAssemblyErrors (0ms)
				InitializePlatformSupportModulesInManaged (15ms)
				SetLoadedEditorAssemblies (1ms)
				RefreshPlugins (0ms)
				BeforeProcessingInitializeOnLoad (167ms)
				ProcessInitializeOnLoadAttributes (884ms)
				ProcessInitializeOnLoadMethodAttributes (30ms)
				AfterProcessingInitializeOnLoad (1ms)
				EditorAssembliesLoaded (0ms)
			ExecutionOrderSort2 (0ms)
			AwakeInstancesAfterBackupRestoration (66ms)
Platform modules already initialized, skipping
Refreshing native plugins compatible for Editor in 0.31 ms, found 2 plugins.
Preloading 0 native plugins for Editor in 0.00 ms.
Unloading 1500 Unused Serialized files (Serialized files now loaded: 0)
System memory in use before: 184.1 MB.
System memory in use after: 184.2 MB.

Unloading 14 unused Assets to reduce memory usage. Loaded Objects now: 2004.
Total: 1.886542 ms (FindLiveObjects: 0.075333 ms CreateObjectMapping: 0.030417 ms MarkObjects: 1.762125 ms  DeleteObjects: 0.017959 ms)

AssetImportParameters requested are different than current active one (requested -> active):
  custom:video-decoder-ogg-theora: a1e56fd34408186e4bbccfd4996cb3dc -> 
  custom:container-muxer-webm: aa71ff27fc2769a1b78a27578f13a17b -> 
  custom:container-demuxer-webm: 4f35f7cbe854078d1ac9338744f61a02 -> 
  custom:container-demuxer-ogg: 62fdf1f143b41e24485cea50d1cbac27 -> 
  custom:video-encoder-webm-vp8: eb34c28f22e8b96e1ab97ce403110664 -> 
  custom:framework-osx-AVFoundation: e770b220cccbd017edd2c1fefb359320 -> 
  custom:video-decoder-webm-vp8: 9c59270c3fd7afecdb556c50c9e8de78 -> 
  custom:audio-decoder-ogg-vorbis: bf7c407c2cedff20999df2af8eb42d56 -> 
  custom:audio-encoder-webm-vorbis: bf7c407c2cedff20999df2af8eb42d56 -> 
========================================================================
Received Prepare
Registering precompiled user dll's ...
Registered in 0.002067 seconds.
Begin MonoManager ReloadAssembly
Native extension for OSXStandalone target not found
Refreshing native plugins compatible for Editor in 0.34 ms, found 2 plugins.
Preloading 0 native plugins for Editor in 0.00 ms.
2022-03-29 15:47:23.184 Unity[26566:429934] NSEventModifierFlagFunction specified to -setKeyEquivalentModifierMask: for item <NSMenuItem: 0x600001f0f9c0 Font Asset, ke='Command-F12'>, but is only supported for system-provided menu items; will not be used
Mono: successfully reloaded assembly
- Completed reload, in  2.520 seconds
Domain Reload Profiling:
	ReloadAssembly (2522ms)
		BeginReloadAssembly (247ms)
			ExecutionOrderSort (0ms)
			DisableScriptedObjects (38ms)
			BackupInstance (0ms)
			ReleaseScriptingObjects (0ms)
			CreateAndSetChildDomain (86ms)
		EndReloadAssembly (2177ms)
			LoadAssemblies (205ms)
			RebuildTransferFunctionScriptingTraits (0ms)
			SetupTypeCache (341ms)
			ReleaseScriptCaches (1ms)
			RebuildScriptCaches (48ms)
			SetupLoadedEditorAssemblies (1264ms)
				LogAssemblyErrors (0ms)
				InitializePlatformSupportModulesInManaged (16ms)
				SetLoadedEditorAssemblies (2ms)
				RefreshPlugins (0ms)
				BeforeProcessingInitializeOnLoad (208ms)
				ProcessInitializeOnLoadAttributes (1002ms)
				ProcessInitializeOnLoadMethodAttributes (35ms)
				AfterProcessingInitializeOnLoad (1ms)
				EditorAssembliesLoaded (0ms)
			ExecutionOrderSort2 (0ms)
			AwakeInstancesAfterBackupRestoration (36ms)
Platform modules already initialized, skipping
Refreshing native plugins compatible for Editor in 0.32 ms, found 2 plugins.
Preloading 0 native plugins for Editor in 0.00 ms.
Unloading 1504 Unused Serialized files (Serialized files now loaded: 0)
System memory in use before: 184.4 MB.
System memory in use after: 184.5 MB.

Unloading 14 unused Assets to reduce memory usage. Loaded Objects now: 2010.
Total: 2.182417 ms (FindLiveObjects: 0.102875 ms CreateObjectMapping: 0.031625 ms MarkObjects: 2.023292 ms  DeleteObjects: 0.023666 ms)

AssetImportParameters requested are different than current active one (requested -> active):
  custom:video-decoder-ogg-theora: a1e56fd34408186e4bbccfd4996cb3dc -> 
  custom:container-muxer-webm: aa71ff27fc2769a1b78a27578f13a17b -> 
  custom:container-demuxer-webm: 4f35f7cbe854078d1ac9338744f61a02 -> 
  custom:container-demuxer-ogg: 62fdf1f143b41e24485cea50d1cbac27 -> 
  custom:video-encoder-webm-vp8: eb34c28f22e8b96e1ab97ce403110664 -> 
  custom:framework-osx-AVFoundation: e770b220cccbd017edd2c1fefb359320 -> 
  custom:video-decoder-webm-vp8: 9c59270c3fd7afecdb556c50c9e8de78 -> 
  custom:audio-decoder-ogg-vorbis: bf7c407c2cedff20999df2af8eb42d56 -> 
  custom:audio-encoder-webm-vorbis: bf7c407c2cedff20999df2af8eb42d56 -> 
========================================================================
Received Import Request.
  Time since last request: 1957.645582 seconds.
  path: Assets/Scripts
  artifactKey: Guid(649d92e8f4c0cb84fbcf9897c7b84c6f) Importer(815301076,1909f56bfc062723c751e8b465ee728b)
Start importing Assets/Scripts using Guid(649d92e8f4c0cb84fbcf9897c7b84c6f) Importer(815301076,1909f56bfc062723c751e8b465ee728b)  -> (artifact id: '2ea0b3cfa596c9bfeca8dc9eee429310') in 0.034071 seconds 
  Import took 0.051734 seconds .

========================================================================
Received Import Request.
  Time since last request: 0.828210 seconds.
  path: Assets/Textures
  artifactKey: Guid(c0133de773c2fd6428fd1395de129fbd) Importer(815301076,1909f56bfc062723c751e8b465ee728b)
Start importing Assets/Textures using Guid(c0133de773c2fd6428fd1395de129fbd) Importer(815301076,1909f56bfc062723c751e8b465ee728b)  -> (artifact id: '8311d2728f1b0101232722be75a06008') in 0.001499 seconds 
  Import took 0.004957 seconds .

========================================================================
Received Import Request.
  Time since last request: 6.513149 seconds.
  path: Assets/Scenes/SampleScene
  artifactKey: Guid(51bea5d513ece4cce8ad2eda589638a2) Importer(815301076,1909f56bfc062723c751e8b465ee728b)
Start importing Assets/Scenes/SampleScene using Guid(51bea5d513ece4cce8ad2eda589638a2) Importer(815301076,1909f56bfc062723c751e8b465ee728b)  -> (artifact id: 'f4be781b293460add15bd3ceebee6224') in 0.001846 seconds 
  Import took 0.005422 seconds .

========================================================================
Received Import Request.
  Time since last request: 0.042644 seconds.
  path: Assets/Scenes/SampleScene/NavMesh.asset
  artifactKey: Guid(9bbc3c5d71d50446781be610d401dfa6) Importer(815301076,1909f56bfc062723c751e8b465ee728b)
Start importing Assets/Scenes/SampleScene/NavMesh.asset using Guid(9bbc3c5d71d50446781be610d401dfa6) Importer(815301076,1909f56bfc062723c751e8b465ee728b)  -> (artifact id: 'd67361143f4888cfe21f6888b28d45fc') in 0.188690 seconds 
  Import took 0.193088 seconds .

========================================================================
Received Import Request.
  Time since last request: 3.591768 seconds.
  path: Assets/Scenes/SampleScene.unity
  artifactKey: Guid(9fc0d4010bbf28b4594072e72b8655ab) Importer(815301076,1909f56bfc062723c751e8b465ee728b)
Start importing Assets/Scenes/SampleScene.unity using Guid(9fc0d4010bbf28b4594072e72b8655ab) Importer(815301076,1909f56bfc062723c751e8b465ee728b)  -> (artifact id: '087305fa413614c65edef9ef80201492') in 0.002360 seconds 
  Import took 0.005871 seconds .

========================================================================
Received Import Request.
  Time since last request: 6.904049 seconds.
  path: Assets/Scenes/Demo.unity
  artifactKey: Guid(d05c07244ed6a3740be3bdad186521e6) Importer(815301076,1909f56bfc062723c751e8b465ee728b)
Start importing Assets/Scenes/Demo.unity using Guid(d05c07244ed6a3740be3bdad186521e6) Importer(815301076,1909f56bfc062723c751e8b465ee728b)  -> (artifact id: '393ec1c7164320533af6e512a6292404') in 0.007320 seconds 
  Import took 0.010405 seconds .

========================================================================
Received Import Request.
  Time since last request: 106.803553 seconds.
  path: Assets/Prefabs/Police.prefab
  artifactKey: Guid(1317cc607a08341cb85e77435f18fa40) Importer(815301076,1909f56bfc062723c751e8b465ee728b)
Start importing Assets/Prefabs/Police.prefab using Guid(1317cc607a08341cb85e77435f18fa40) Importer(815301076,1909f56bfc062723c751e8b465ee728b)  -> (artifact id: '701e5bfad950166da6911c9c5f6ff199') in 0.328880 seconds 
  Import took 0.335122 seconds .

========================================================================
Received Import Request.
  Time since last request: 0.000214 seconds.
  path: Assets/Prefabs/Prometheus.prefab
  artifactKey: Guid(79d0ca8b77e301442afdb49f102e8aed) Importer(815301076,1909f56bfc062723c751e8b465ee728b)
Start importing Assets/Prefabs/Prometheus.prefab using Guid(79d0ca8b77e301442afdb49f102e8aed) Importer(815301076,1909f56bfc062723c751e8b465ee728b)  -> (artifact id: '908bbc18b1f819e26788713579e4868b') in 0.015039 seconds 
  Import took 0.017182 seconds .

========================================================================
Received Prepare
Registering precompiled user dll's ...
Registered in 0.005285 seconds.
Begin MonoManager ReloadAssembly
Native extension for OSXStandalone target not found
Refreshing native plugins compatible for Editor in 0.32 ms, found 2 plugins.
Preloading 0 native plugins for Editor in 0.00 ms.
2022-03-29 15:58:29.703 Unity[26566:429934] NSEventModifierFlagFunction specified to -setKeyEquivalentModifierMask: for item <NSMenuItem: 0x600001f636b0 Font Asset, ke='Command-F12'>, but is only supported for system-provided menu items; will not be used
Mono: successfully reloaded assembly
- Completed reload, in  2.111 seconds
Domain Reload Profiling:
	ReloadAssembly (2112ms)
		BeginReloadAssembly (259ms)
			ExecutionOrderSort (0ms)
			DisableScriptedObjects (35ms)
			BackupInstance (0ms)
			ReleaseScriptingObjects (0ms)
			CreateAndSetChildDomain (84ms)
		EndReloadAssembly (1765ms)
			LoadAssemblies (227ms)
			RebuildTransferFunctionScriptingTraits (0ms)
			SetupTypeCache (307ms)
			ReleaseScriptCaches (1ms)
			RebuildScriptCaches (44ms)
			SetupLoadedEditorAssemblies (969ms)
				LogAssemblyErrors (0ms)
				InitializePlatformSupportModulesInManaged (14ms)
				SetLoadedEditorAssemblies (1ms)
				RefreshPlugins (0ms)
				BeforeProcessingInitializeOnLoad (148ms)
				ProcessInitializeOnLoadAttributes (776ms)
				ProcessInitializeOnLoadMethodAttributes (28ms)
				AfterProcessingInitializeOnLoad (1ms)
				EditorAssembliesLoaded (0ms)
			ExecutionOrderSort2 (0ms)
			AwakeInstancesAfterBackupRestoration (31ms)
Platform modules already initialized, skipping
Refreshing native plugins compatible for Editor in 0.32 ms, found 2 plugins.
Preloading 0 native plugins for Editor in 0.00 ms.
Unloading 1504 Unused Serialized files (Serialized files now loaded: 0)
System memory in use before: 193.3 MB.
System memory in use after: 193.4 MB.

Unloading 14 unused Assets to reduce memory usage. Loaded Objects now: 2018.
Total: 1.918416 ms (FindLiveObjects: 0.066833 ms CreateObjectMapping: 0.029125 ms MarkObjects: 1.800083 ms  DeleteObjects: 0.021667 ms)

AssetImportParameters requested are different than current active one (requested -> active):
  custom:video-decoder-ogg-theora: a1e56fd34408186e4bbccfd4996cb3dc -> 
  custom:container-muxer-webm: aa71ff27fc2769a1b78a27578f13a17b -> 
  custom:container-demuxer-webm: 4f35f7cbe854078d1ac9338744f61a02 -> 
  custom:container-demuxer-ogg: 62fdf1f143b41e24485cea50d1cbac27 -> 
  custom:video-encoder-webm-vp8: eb34c28f22e8b96e1ab97ce403110664 -> 
  custom:framework-osx-AVFoundation: e770b220cccbd017edd2c1fefb359320 -> 
  custom:video-decoder-webm-vp8: 9c59270c3fd7afecdb556c50c9e8de78 -> 
  custom:audio-decoder-ogg-vorbis: bf7c407c2cedff20999df2af8eb42d56 -> 
  custom:audio-encoder-webm-vorbis: bf7c407c2cedff20999df2af8eb42d56 -> 
========================================================================
Received Prepare
Registering precompiled user dll's ...
Registered in 0.003741 seconds.
Begin MonoManager ReloadAssembly
Native extension for OSXStandalone target not found
Refreshing native plugins compatible for Editor in 0.32 ms, found 2 plugins.
Preloading 0 native plugins for Editor in 0.00 ms.
2022-03-29 16:35:27.761 Unity[26566:429934] NSEventModifierFlagFunction specified to -setKeyEquivalentModifierMask: for item <NSMenuItem: 0x600001f6a300 Font Asset, ke='Command-F12'>, but is only supported for system-provided menu items; will not be used
Mono: successfully reloaded assembly
- Completed reload, in  2.217 seconds
Domain Reload Profiling:
	ReloadAssembly (2221ms)
		BeginReloadAssembly (274ms)
			ExecutionOrderSort (0ms)
			DisableScriptedObjects (35ms)
			BackupInstance (0ms)
			ReleaseScriptingObjects (0ms)
			CreateAndSetChildDomain (81ms)
		EndReloadAssembly (1851ms)
			LoadAssemblies (242ms)
			RebuildTransferFunctionScriptingTraits (1ms)
			SetupTypeCache (319ms)
			ReleaseScriptCaches (1ms)
			RebuildScriptCaches (43ms)
			SetupLoadedEditorAssemblies (1038ms)
				LogAssemblyErrors (0ms)
				InitializePlatformSupportModulesInManaged (14ms)
				SetLoadedEditorAssemblies (2ms)
				RefreshPlugins (0ms)
				BeforeProcessingInitializeOnLoad (208ms)
				ProcessInitializeOnLoadAttributes (778ms)
				ProcessInitializeOnLoadMethodAttributes (35ms)
				AfterProcessingInitializeOnLoad (1ms)
				EditorAssembliesLoaded (1ms)
			ExecutionOrderSort2 (0ms)
			AwakeInstancesAfterBackupRestoration (32ms)
Platform modules already initialized, skipping
Refreshing native plugins compatible for Editor in 0.30 ms, found 2 plugins.
Preloading 0 native plugins for Editor in 0.00 ms.
Unloading 1504 Unused Serialized files (Serialized files now loaded: 0)
System memory in use before: 193.5 MB.
System memory in use after: 193.6 MB.

Unloading 14 unused Assets to reduce memory usage. Loaded Objects now: 2020.
Total: 3.601667 ms (FindLiveObjects: 0.098334 ms CreateObjectMapping: 0.030292 ms MarkObjects: 3.450958 ms  DeleteObjects: 0.021375 ms)

AssetImportParameters requested are different than current active one (requested -> active):
  custom:video-decoder-ogg-theora: a1e56fd34408186e4bbccfd4996cb3dc -> 
  custom:container-muxer-webm: aa71ff27fc2769a1b78a27578f13a17b -> 
  custom:container-demuxer-webm: 4f35f7cbe854078d1ac9338744f61a02 -> 
  custom:container-demuxer-ogg: 62fdf1f143b41e24485cea50d1cbac27 -> 
  custom:video-encoder-webm-vp8: eb34c28f22e8b96e1ab97ce403110664 -> 
  custom:framework-osx-AVFoundation: e770b220cccbd017edd2c1fefb359320 -> 
  custom:video-decoder-webm-vp8: 9c59270c3fd7afecdb556c50c9e8de78 -> 
  custom:audio-decoder-ogg-vorbis: bf7c407c2cedff20999df2af8eb42d56 -> 
  custom:audio-encoder-webm-vorbis: bf7c407c2cedff20999df2af8eb42d56 -> 
========================================================================
Received Import Request.
  Time since last request: 1793.100494 seconds.
  path: Assets/Meshes/Project Name.obj
  artifactKey: Guid(c8de802bd49154be080e2383843fe13a) Importer(815301076,1909f56bfc062723c751e8b465ee728b)
Start importing Assets/Meshes/Project Name.obj using Guid(c8de802bd49154be080e2383843fe13a) Importer(815301076,1909f56bfc062723c751e8b465ee728b)  -> (artifact id: '9c59b48696ab0415b9468fa8f5a20708') in 0.946825 seconds 
  Import took 0.953149 seconds .

========================================================================
Received Import Request.
  Time since last request: 150.713148 seconds.
  path: Assets/Materials/Health.mat
  artifactKey: Guid(d3644e3faf9224a698079fcd3314e87f) Importer(815301076,1909f56bfc062723c751e8b465ee728b)
Start importing Assets/Materials/Health.mat using Guid(d3644e3faf9224a698079fcd3314e87f) Importer(815301076,1909f56bfc062723c751e8b465ee728b)  -> (artifact id: 'a8807e5adc330b6847a724aed7b74d7a') in 0.091105 seconds 
  Import took 0.095637 seconds .

========================================================================
Received Import Request.
  Time since last request: 57.877357 seconds.
  path: Assets/Prefabs/Project Name Variant.prefab
  artifactKey: Guid(222244bb7c2a84b539181a548e8cfe8b) Importer(815301076,1909f56bfc062723c751e8b465ee728b)
Start importing Assets/Prefabs/Project Name Variant.prefab using Guid(222244bb7c2a84b539181a548e8cfe8b) Importer(815301076,1909f56bfc062723c751e8b465ee728b)  -> (artifact id: 'ff89d828a14fca7405ad9ba474d4c3d0') in 0.013244 seconds 
  Import took 0.015445 seconds .

========================================================================
Received Import Request.
  Time since last request: 25.044402 seconds.
  path: Assets/Prefabs/Health.prefab
  artifactKey: Guid(222244bb7c2a84b539181a548e8cfe8b) Importer(815301076,1909f56bfc062723c751e8b465ee728b)
Start importing Assets/Prefabs/Health.prefab using Guid(222244bb7c2a84b539181a548e8cfe8b) Importer(815301076,1909f56bfc062723c751e8b465ee728b)  -> (artifact id: 'f03ef9824a90df7bfc5be047483e8ebc') in 0.020372 seconds 
  Import took 0.024804 seconds .

========================================================================
Received Import Request.
  Time since last request: 1231.201935 seconds.
  path: Assets/Meshes/Project Name 1.obj
  artifactKey: Guid(c606f7030630f47d2b80855cb8308ab8) Importer(815301076,1909f56bfc062723c751e8b465ee728b)
Start importing Assets/Meshes/Project Name 1.obj using Guid(c606f7030630f47d2b80855cb8308ab8) Importer(815301076,1909f56bfc062723c751e8b465ee728b)  -> (artifact id: 'dfdf2418063085efbf58ce131c5fb7f2') in 0.122015 seconds 
  Import took 0.135966 seconds .

========================================================================
Received Import Request.
  Time since last request: 143.973478 seconds.
  path: Assets/Materials/Nitro.mat
  artifactKey: Guid(ba2b5e87e78cd4d0ea9d2d9b8e8dc5bc) Importer(815301076,1909f56bfc062723c751e8b465ee728b)
Start importing Assets/Materials/Nitro.mat using Guid(ba2b5e87e78cd4d0ea9d2d9b8e8dc5bc) Importer(815301076,1909f56bfc062723c751e8b465ee728b)  -> (artifact id: '2929ae47067568f9209e9336d4b2a6f7') in 0.010371 seconds 
  Import took 0.012894 seconds .

========================================================================
Received Import Request.
  Time since last request: 190.186708 seconds.
  path: Assets/Prefabs/Cars v2/Police Car v2 1.prefab
  artifactKey: Guid(4d5eca5256c268d40a9be50903005eb5) Importer(815301076,1909f56bfc062723c751e8b465ee728b)
Start importing Assets/Prefabs/Cars v2/Police Car v2 1.prefab using Guid(4d5eca5256c268d40a9be50903005eb5) Importer(815301076,1909f56bfc062723c751e8b465ee728b)  -> (artifact id: 'e52a471437395c257fdc665784fc63b4') in 0.066746 seconds 
  Import took 0.077778 seconds .

========================================================================
Received Import Request.
  Time since last request: 15.096318 seconds.
  path: Assets/Prefabs/Cars v2/Police Car v2 1.prefab
  artifactKey: Guid(4d5eca5256c268d40a9be50903005eb5) Importer(815301076,1909f56bfc062723c751e8b465ee728b)
Start importing Assets/Prefabs/Cars v2/Police Car v2 1.prefab using Guid(4d5eca5256c268d40a9be50903005eb5) Importer(815301076,1909f56bfc062723c751e8b465ee728b)  -> (artifact id: '75137cf6d15687ce32e3d2a954d7834d') in 0.013019 seconds 
  Import took 0.016119 seconds .

========================================================================
Received Import Request.
  Time since last request: 2.768853 seconds.
  path: Assets/Prefabs/Cars v2/Police Car v2 1.prefab
  artifactKey: Guid(4d5eca5256c268d40a9be50903005eb5) Importer(815301076,1909f56bfc062723c751e8b465ee728b)
Start importing Assets/Prefabs/Cars v2/Police Car v2 1.prefab using Guid(4d5eca5256c268d40a9be50903005eb5) Importer(815301076,1909f56bfc062723c751e8b465ee728b)  -> (artifact id: '08704c3b2ee657867bbea3cb8c3181ce') in 0.011210 seconds 
  Import took 0.014085 seconds .

========================================================================
Received Import Request.
  Time since last request: 1.596998 seconds.
  path: Assets/Prefabs/Cars v2/Police Car v2 1.prefab
  artifactKey: Guid(4d5eca5256c268d40a9be50903005eb5) Importer(815301076,1909f56bfc062723c751e8b465ee728b)
Start importing Assets/Prefabs/Cars v2/Police Car v2 1.prefab using Guid(4d5eca5256c268d40a9be50903005eb5) Importer(815301076,1909f56bfc062723c751e8b465ee728b)  -> (artifact id: '6cd89a5ea8e68b80a781db44aec077ab') in 0.010360 seconds 
  Import took 0.013383 seconds .

========================================================================
Received Import Request.
  Time since last request: 18.826728 seconds.
  path: Assets/Prefabs/Cars v2/Police Car v2 1.prefab
  artifactKey: Guid(4d5eca5256c268d40a9be50903005eb5) Importer(815301076,1909f56bfc062723c751e8b465ee728b)
Start importing Assets/Prefabs/Cars v2/Police Car v2 1.prefab using Guid(4d5eca5256c268d40a9be50903005eb5) Importer(815301076,1909f56bfc062723c751e8b465ee728b)  -> (artifact id: '8bace101572e9b27222ea52341e9eb6a') in 0.013531 seconds 
  Import took 0.016640 seconds .

========================================================================
Received Import Request.
  Time since last request: 309.997001 seconds.
  path: Assets/Meshes/Project Name 1.obj
  artifactKey: Guid(c606f7030630f47d2b80855cb8308ab8) Importer(815301076,1909f56bfc062723c751e8b465ee728b)
Start importing Assets/Meshes/Project Name 1.obj using Guid(c606f7030630f47d2b80855cb8308ab8) Importer(815301076,1909f56bfc062723c751e8b465ee728b)  -> (artifact id: '95b632f00de14575567fd144ef62308c') in 0.066412 seconds 
  Import took 0.093174 seconds .

========================================================================
Received Import Request.
  Time since last request: 140.478930 seconds.
  path: Assets/Prefabs/Nitro Variant.prefab
  artifactKey: Guid(b23727855a11c492ba61298505af567a) Importer(815301076,1909f56bfc062723c751e8b465ee728b)
Start importing Assets/Prefabs/Nitro Variant.prefab using Guid(b23727855a11c492ba61298505af567a) Importer(815301076,1909f56bfc062723c751e8b465ee728b)  -> (artifact id: '0c7e124b9e36f854d6f8e010ecaf69bc') in 0.039204 seconds 
  Import took 0.052239 seconds .

========================================================================
Received Prepare
Registering precompiled user dll's ...
Registered in 0.004436 seconds.
Begin MonoManager ReloadAssembly
Native extension for OSXStandalone target not found
Refreshing native plugins compatible for Editor in 0.34 ms, found 2 plugins.
Preloading 0 native plugins for Editor in 0.00 ms.
2022-03-29 17:22:49.854 Unity[26566:429934] NSEventModifierFlagFunction specified to -setKeyEquivalentModifierMask: for item <NSMenuItem: 0x600001f64cb0 Font Asset, ke='Command-F12'>, but is only supported for system-provided menu items; will not be used
Mono: successfully reloaded assembly
- Completed reload, in  2.458 seconds
Domain Reload Profiling:
	ReloadAssembly (2462ms)
		BeginReloadAssembly (393ms)
			ExecutionOrderSort (0ms)
			DisableScriptedObjects (42ms)
			BackupInstance (0ms)
			ReleaseScriptingObjects (0ms)
			CreateAndSetChildDomain (122ms)
		EndReloadAssembly (1963ms)
			LoadAssemblies (345ms)
			RebuildTransferFunctionScriptingTraits (0ms)
			SetupTypeCache (347ms)
			ReleaseScriptCaches (1ms)
			RebuildScriptCaches (48ms)
			SetupLoadedEditorAssemblies (1043ms)
				LogAssemblyErrors (0ms)
				InitializePlatformSupportModulesInManaged (14ms)
				SetLoadedEditorAssemblies (1ms)
				RefreshPlugins (0ms)
				BeforeProcessingInitializeOnLoad (164ms)
				ProcessInitializeOnLoadAttributes (830ms)
				ProcessInitializeOnLoadMethodAttributes (33ms)
				AfterProcessingInitializeOnLoad (1ms)
				EditorAssembliesLoaded (0ms)
			ExecutionOrderSort2 (0ms)
			AwakeInstancesAfterBackupRestoration (33ms)
Platform modules already initialized, skipping
Refreshing native plugins compatible for Editor in 0.34 ms, found 2 plugins.
Preloading 0 native plugins for Editor in 0.00 ms.
Unloading 1504 Unused Serialized files (Serialized files now loaded: 0)
System memory in use before: 202.4 MB.
System memory in use after: 202.5 MB.

Unloading 14 unused Assets to reduce memory usage. Loaded Objects now: 2059.
Total: 2.117625 ms (FindLiveObjects: 0.100041 ms CreateObjectMapping: 0.031542 ms MarkObjects: 1.960791 ms  DeleteObjects: 0.024209 ms)

AssetImportParameters requested are different than current active one (requested -> active):
  custom:video-decoder-ogg-theora: a1e56fd34408186e4bbccfd4996cb3dc -> 
  custom:container-muxer-webm: aa71ff27fc2769a1b78a27578f13a17b -> 
  custom:container-demuxer-webm: 4f35f7cbe854078d1ac9338744f61a02 -> 
  custom:container-demuxer-ogg: 62fdf1f143b41e24485cea50d1cbac27 -> 
  custom:video-encoder-webm-vp8: eb34c28f22e8b96e1ab97ce403110664 -> 
  custom:framework-osx-AVFoundation: e770b220cccbd017edd2c1fefb359320 -> 
  custom:video-decoder-webm-vp8: 9c59270c3fd7afecdb556c50c9e8de78 -> 
  custom:audio-decoder-ogg-vorbis: bf7c407c2cedff20999df2af8eb42d56 -> 
  custom:audio-encoder-webm-vorbis: bf7c407c2cedff20999df2af8eb42d56 -> 
========================================================================
Received Import Request.
  Time since last request: 532.017487 seconds.
  path: Assets/Materials/Nitro.mat
  artifactKey: Guid(ba2b5e87e78cd4d0ea9d2d9b8e8dc5bc) Importer(815301076,1909f56bfc062723c751e8b465ee728b)
Start importing Assets/Materials/Nitro.mat using Guid(ba2b5e87e78cd4d0ea9d2d9b8e8dc5bc) Importer(815301076,1909f56bfc062723c751e8b465ee728b)  -> (artifact id: 'fdb3eb9677793eb656d080c23e92e061') in 0.173775 seconds 
  Import took 0.175893 seconds .

========================================================================
Received Import Request.
  Time since last request: 0.000222 seconds.
  path: Assets/Materials/Health.mat
  artifactKey: Guid(d3644e3faf9224a698079fcd3314e87f) Importer(815301076,1909f56bfc062723c751e8b465ee728b)
Start importing Assets/Materials/Health.mat using Guid(d3644e3faf9224a698079fcd3314e87f) Importer(815301076,1909f56bfc062723c751e8b465ee728b)  -> (artifact id: 'dbb42c52f1b5a77f994e52a9469658f3') in 0.012042 seconds 
  Import took 0.014091 seconds .

========================================================================
Received Prepare
Registering precompiled user dll's ...
Registered in 0.004618 seconds.
Begin MonoManager ReloadAssembly
Native extension for OSXStandalone target not found
Refreshing native plugins compatible for Editor in 0.36 ms, found 2 plugins.
Preloading 0 native plugins for Editor in 0.00 ms.
2022-03-29 17:25:10.617 Unity[26566:429934] NSEventModifierFlagFunction specified to -setKeyEquivalentModifierMask: for item <NSMenuItem: 0x600001f60bd0 Font Asset, ke='Command-F12'>, but is only supported for system-provided menu items; will not be used
Mono: successfully reloaded assembly
- Completed reload, in  2.260 seconds
Domain Reload Profiling:
	ReloadAssembly (2261ms)
		BeginReloadAssembly (298ms)
			ExecutionOrderSort (0ms)
			DisableScriptedObjects (35ms)
			BackupInstance (0ms)
			ReleaseScriptingObjects (0ms)
			CreateAndSetChildDomain (83ms)
		EndReloadAssembly (1865ms)
			LoadAssemblies (290ms)
			RebuildTransferFunctionScriptingTraits (0ms)
			SetupTypeCache (325ms)
			ReleaseScriptCaches (1ms)
			RebuildScriptCaches (43ms)
			SetupLoadedEditorAssemblies (997ms)
				LogAssemblyErrors (0ms)
				InitializePlatformSupportModulesInManaged (16ms)
				SetLoadedEditorAssemblies (2ms)
				RefreshPlugins (0ms)
				BeforeProcessingInitializeOnLoad (158ms)
				ProcessInitializeOnLoadAttributes (790ms)
				ProcessInitializeOnLoadMethodAttributes (30ms)
				AfterProcessingInitializeOnLoad (1ms)
				EditorAssembliesLoaded (0ms)
			ExecutionOrderSort2 (0ms)
			AwakeInstancesAfterBackupRestoration (31ms)
Platform modules already initialized, skipping
Refreshing native plugins compatible for Editor in 0.30 ms, found 2 plugins.
Preloading 0 native plugins for Editor in 0.00 ms.
Unloading 1504 Unused Serialized files (Serialized files now loaded: 0)
System memory in use before: 202.6 MB.
System memory in use after: 202.7 MB.

Unloading 14 unused Assets to reduce memory usage. Loaded Objects now: 2062.
Total: 1.963958 ms (FindLiveObjects: 0.078542 ms CreateObjectMapping: 0.029833 ms MarkObjects: 1.832084 ms  DeleteObjects: 0.022959 ms)

AssetImportParameters requested are different than current active one (requested -> active):
  custom:video-decoder-ogg-theora: a1e56fd34408186e4bbccfd4996cb3dc -> 
  custom:container-muxer-webm: aa71ff27fc2769a1b78a27578f13a17b -> 
  custom:container-demuxer-webm: 4f35f7cbe854078d1ac9338744f61a02 -> 
  custom:container-demuxer-ogg: 62fdf1f143b41e24485cea50d1cbac27 -> 
  custom:video-encoder-webm-vp8: eb34c28f22e8b96e1ab97ce403110664 -> 
  custom:framework-osx-AVFoundation: e770b220cccbd017edd2c1fefb359320 -> 
  custom:video-decoder-webm-vp8: 9c59270c3fd7afecdb556c50c9e8de78 -> 
  custom:audio-decoder-ogg-vorbis: bf7c407c2cedff20999df2af8eb42d56 -> 
  custom:audio-encoder-webm-vorbis: bf7c407c2cedff20999df2af8eb42d56 -> 
========================================================================
Received Import Request.
  Time since last request: 1890.081099 seconds.
  path: Assets/Meshes/Project Name 2.obj
  artifactKey: Guid(566d4cb84fb4e496f87bcc5e542fc587) Importer(815301076,1909f56bfc062723c751e8b465ee728b)
Start importing Assets/Meshes/Project Name 2.obj using Guid(566d4cb84fb4e496f87bcc5e542fc587) Importer(815301076,1909f56bfc062723c751e8b465ee728b)  -> (artifact id: '3ea1182e879395954f2c10ee4dbc0f5f') in 0.505259 seconds 
  Import took 0.538743 seconds .

========================================================================
Received Import Request.
  Time since last request: 116.843937 seconds.
  path: Assets/Materials/Mine.mat
  artifactKey: Guid(7a613eaf6bc8c4bbe88ac767f7fa311b) Importer(815301076,1909f56bfc062723c751e8b465ee728b)
Start importing Assets/Materials/Mine.mat using Guid(7a613eaf6bc8c4bbe88ac767f7fa311b) Importer(815301076,1909f56bfc062723c751e8b465ee728b)  -> (artifact id: '0ce06ccda4da89ea68f4275ef2eae6d2') in 0.014587 seconds 
  Import took 0.016821 seconds .

========================================================================
Received Import Request.
  Time since last request: 49.070798 seconds.
  path: Assets/Prefabs/Nitro Variant.prefab
  artifactKey: Guid(b23727855a11c492ba61298505af567a) Importer(815301076,1909f56bfc062723c751e8b465ee728b)
Start importing Assets/Prefabs/Nitro Variant.prefab using Guid(b23727855a11c492ba61298505af567a) Importer(815301076,1909f56bfc062723c751e8b465ee728b)  -> (artifact id: '7124e4d612b8b7c081f277b8bdab90ef') in 0.024512 seconds 
  Import took 0.028837 seconds .

========================================================================
Received Import Request.
  Time since last request: 5.317590 seconds.
  path: Assets/Prefabs/Mine Variant.prefab
  artifactKey: Guid(c101b85efb6234950ade1db125d1a13c) Importer(815301076,1909f56bfc062723c751e8b465ee728b)
Start importing Assets/Prefabs/Mine Variant.prefab using Guid(c101b85efb6234950ade1db125d1a13c) Importer(815301076,1909f56bfc062723c751e8b465ee728b)  -> (artifact id: '37326f23a03ec473ed9b6e147743d600') in 0.013628 seconds 
  Import took 0.016115 seconds .

========================================================================
Received Import Request.
  Time since last request: 10.886890 seconds.
  path: Assets/Prefabs/GroundMine.prefab
  artifactKey: Guid(c101b85efb6234950ade1db125d1a13c) Importer(815301076,1909f56bfc062723c751e8b465ee728b)
Start importing Assets/Prefabs/GroundMine.prefab using Guid(c101b85efb6234950ade1db125d1a13c) Importer(815301076,1909f56bfc062723c751e8b465ee728b)  -> (artifact id: '1021e8c4e946e3845ec4b65cfa9bfeb0') in 0.026876 seconds 
  Import took 0.032987 seconds .

========================================================================
Received Import Request.
  Time since last request: 4.663575 seconds.
  path: Assets/Prefabs/Ground Mine.prefab
  artifactKey: Guid(c101b85efb6234950ade1db125d1a13c) Importer(815301076,1909f56bfc062723c751e8b465ee728b)
Start importing Assets/Prefabs/Ground Mine.prefab using Guid(c101b85efb6234950ade1db125d1a13c) Importer(815301076,1909f56bfc062723c751e8b465ee728b)  -> (artifact id: 'c4d99a4832c342d50aa268dfe159b04d') in 0.010927 seconds 
  Import took 0.014304 seconds .

